{"/Users/veronikakashlei/Desktop/review/React/class-components/src/helpers.ts": {"path":"/Users/veronikakashlei/Desktop/review/React/class-components/src/helpers.ts","all":false,"statementMap":{"0":{"start":{"line":1,"column":0},"end":{"line":1,"column":64}},"1":{"start":{"line":2,"column":0},"end":{"line":2,"column":65}},"2":{"start":{"line":3,"column":0},"end":{"line":3,"column":2}}},"s":{"0":1,"1":8,"2":8},"branchMap":{"0":{"type":"branch","line":1,"loc":{"start":{"line":1,"column":30},"end":{"line":3,"column":2}},"locations":[{"start":{"line":1,"column":30},"end":{"line":3,"column":2}}]},"1":{"type":"branch","line":2,"loc":{"start":{"line":2,"column":9},"end":{"line":2,"column":43}},"locations":[{"start":{"line":2,"column":9},"end":{"line":2,"column":43}}]},"2":{"type":"branch","line":2,"loc":{"start":{"line":2,"column":38},"end":{"line":2,"column":65}},"locations":[{"start":{"line":2,"column":38},"end":{"line":2,"column":65}}]}},"b":{"0":[8],"1":[6],"2":[2]},"fnMap":{"0":{"name":"getQueryString","decl":{"start":{"line":1,"column":30},"end":{"line":3,"column":2}},"loc":{"start":{"line":1,"column":30},"end":{"line":3,"column":2}},"line":1}},"f":{"0":8}}
,"/Users/veronikakashlei/Desktop/review/React/class-components/src/api/fetch.ts": {"path":"/Users/veronikakashlei/Desktop/review/React/class-components/src/api/fetch.ts","all":false,"statementMap":{"2":{"start":{"line":3,"column":0},"end":{"line":3,"column":61}},"4":{"start":{"line":5,"column":0},"end":{"line":5,"column":32}},"5":{"start":{"line":6,"column":0},"end":{"line":6,"column":16}},"6":{"start":{"line":7,"column":0},"end":{"line":7,"column":53}},"7":{"start":{"line":8,"column":0},"end":{"line":8,"column":7}},"8":{"start":{"line":9,"column":0},"end":{"line":9,"column":65}},"10":{"start":{"line":11,"column":0},"end":{"line":11,"column":23}},"11":{"start":{"line":12,"column":0},"end":{"line":12,"column":64}},"12":{"start":{"line":13,"column":0},"end":{"line":13,"column":5}},"14":{"start":{"line":15,"column":0},"end":{"line":15,"column":39}},"15":{"start":{"line":16,"column":0},"end":{"line":16,"column":83}},"16":{"start":{"line":17,"column":0},"end":{"line":17,"column":19}},"17":{"start":{"line":18,"column":0},"end":{"line":18,"column":41}},"18":{"start":{"line":19,"column":0},"end":{"line":19,"column":12}},"19":{"start":{"line":20,"column":0},"end":{"line":20,"column":22}},"20":{"start":{"line":21,"column":0},"end":{"line":21,"column":70}},"21":{"start":{"line":22,"column":0},"end":{"line":22,"column":6}},"22":{"start":{"line":23,"column":0},"end":{"line":23,"column":3}},"23":{"start":{"line":24,"column":0},"end":{"line":24,"column":2}}},"s":{"2":1,"4":1,"5":4,"6":4,"7":4,"8":4,"10":4,"11":0,"12":0,"14":4,"15":4,"16":4,"17":0,"18":0,"19":0,"20":0,"21":0,"22":0,"23":4},"branchMap":{"0":{"type":"branch","line":5,"loc":{"start":{"line":5,"column":25},"end":{"line":24,"column":2}},"locations":[{"start":{"line":5,"column":25},"end":{"line":24,"column":2}}]},"1":{"type":"branch","line":11,"loc":{"start":{"line":11,"column":22},"end":{"line":13,"column":5}},"locations":[{"start":{"line":11,"column":22},"end":{"line":13,"column":5}}]},"2":{"type":"branch","line":16,"loc":{"start":{"line":16,"column":33},"end":{"line":16,"column":56}},"locations":[{"start":{"line":16,"column":33},"end":{"line":16,"column":56}}]},"3":{"type":"branch","line":16,"loc":{"start":{"line":16,"column":46},"end":{"line":16,"column":64}},"locations":[{"start":{"line":16,"column":46},"end":{"line":16,"column":64}}]},"4":{"type":"branch","line":17,"loc":{"start":{"line":17,"column":2},"end":{"line":23,"column":3}},"locations":[{"start":{"line":17,"column":2},"end":{"line":23,"column":3}}]}},"b":{"0":[4],"1":[0],"2":[2],"3":[2],"4":[0]},"fnMap":{"0":{"name":"fetchData","decl":{"start":{"line":5,"column":25},"end":{"line":24,"column":2}},"loc":{"start":{"line":5,"column":25},"end":{"line":24,"column":2}},"line":5}},"f":{"0":4}}
,"/Users/veronikakashlei/Desktop/review/React/class-components/src/components/Card.tsx": {"path":"/Users/veronikakashlei/Desktop/review/React/class-components/src/components/Card.tsx","all":false,"statementMap":{"0":{"start":{"line":1,"column":0},"end":{"line":1,"column":34}},"7":{"start":{"line":8,"column":0},"end":{"line":8,"column":41}},"8":{"start":{"line":9,"column":0},"end":{"line":9,"column":12}},"9":{"start":{"line":10,"column":0},"end":{"line":10,"column":45}},"10":{"start":{"line":11,"column":0},"end":{"line":11,"column":12}},"11":{"start":{"line":12,"column":0},"end":{"line":12,"column":10}},"12":{"start":{"line":13,"column":0},"end":{"line":13,"column":23}},"13":{"start":{"line":14,"column":0},"end":{"line":14,"column":12}},"14":{"start":{"line":15,"column":0},"end":{"line":15,"column":49}},"15":{"start":{"line":16,"column":0},"end":{"line":16,"column":13}},"16":{"start":{"line":17,"column":0},"end":{"line":17,"column":11}},"18":{"start":{"line":19,"column":0},"end":{"line":19,"column":3}},"19":{"start":{"line":20,"column":0},"end":{"line":20,"column":1}},"21":{"start":{"line":22,"column":0},"end":{"line":22,"column":20}}},"s":{"0":1,"7":1,"8":1,"9":5,"10":5,"11":5,"12":5,"13":5,"14":5,"15":5,"16":5,"18":5,"19":1,"21":1},"branchMap":{"0":{"type":"branch","line":9,"loc":{"start":{"line":9,"column":2},"end":{"line":19,"column":3}},"locations":[{"start":{"line":9,"column":2},"end":{"line":19,"column":3}}]}},"b":{"0":[5]},"fnMap":{"0":{"name":"render","decl":{"start":{"line":9,"column":2},"end":{"line":19,"column":3}},"loc":{"start":{"line":9,"column":2},"end":{"line":19,"column":3}},"line":9}},"f":{"0":5}}
,"/Users/veronikakashlei/Desktop/review/React/class-components/src/components/Spinner.tsx": {"path":"/Users/veronikakashlei/Desktop/review/React/class-components/src/components/Spinner.tsx","all":false,"statementMap":{"0":{"start":{"line":1,"column":0},"end":{"line":1,"column":34}},"2":{"start":{"line":3,"column":0},"end":{"line":3,"column":33}},"3":{"start":{"line":4,"column":0},"end":{"line":4,"column":12}},"4":{"start":{"line":5,"column":0},"end":{"line":5,"column":69}},"5":{"start":{"line":6,"column":0},"end":{"line":6,"column":3}},"6":{"start":{"line":7,"column":0},"end":{"line":7,"column":1}},"8":{"start":{"line":9,"column":0},"end":{"line":9,"column":23}}},"s":{"0":1,"2":1,"3":1,"4":1,"5":1,"6":1,"8":1},"branchMap":{"0":{"type":"branch","line":4,"loc":{"start":{"line":4,"column":2},"end":{"line":6,"column":3}},"locations":[{"start":{"line":4,"column":2},"end":{"line":6,"column":3}}]}},"b":{"0":[1]},"fnMap":{"0":{"name":"render","decl":{"start":{"line":4,"column":2},"end":{"line":6,"column":3}},"loc":{"start":{"line":4,"column":2},"end":{"line":6,"column":3}},"line":4}},"f":{"0":1}}
,"/Users/veronikakashlei/Desktop/review/React/class-components/src/components/ErrorBoundary/ErrorBoundary.tsx": {"path":"/Users/veronikakashlei/Desktop/review/React/class-components/src/components/ErrorBoundary/ErrorBoundary.tsx","all":false,"statementMap":{"0":{"start":{"line":1,"column":0},"end":{"line":1,"column":64}},"11":{"start":{"line":12,"column":0},"end":{"line":12,"column":73}},"12":{"start":{"line":13,"column":0},"end":{"line":13,"column":42}},"13":{"start":{"line":14,"column":0},"end":{"line":14,"column":17}},"14":{"start":{"line":15,"column":0},"end":{"line":15,"column":35}},"15":{"start":{"line":16,"column":0},"end":{"line":16,"column":3}},"17":{"start":{"line":18,"column":0},"end":{"line":18,"column":44}},"18":{"start":{"line":19,"column":0},"end":{"line":19,"column":28}},"19":{"start":{"line":20,"column":0},"end":{"line":20,"column":3}},"21":{"start":{"line":22,"column":0},"end":{"line":22,"column":57}},"22":{"start":{"line":23,"column":0},"end":{"line":23,"column":57}},"23":{"start":{"line":24,"column":0},"end":{"line":24,"column":3}},"25":{"start":{"line":26,"column":0},"end":{"line":26,"column":12}},"26":{"start":{"line":27,"column":0},"end":{"line":27,"column":36}},"27":{"start":{"line":28,"column":0},"end":{"line":28,"column":46}},"29":{"start":{"line":30,"column":0},"end":{"line":30,"column":19}},"30":{"start":{"line":31,"column":0},"end":{"line":31,"column":22}},"31":{"start":{"line":32,"column":0},"end":{"line":32,"column":5}},"33":{"start":{"line":34,"column":0},"end":{"line":34,"column":20}},"34":{"start":{"line":35,"column":0},"end":{"line":35,"column":3}},"35":{"start":{"line":36,"column":0},"end":{"line":36,"column":1}}},"s":{"0":1,"11":1,"12":1,"13":7,"14":7,"15":7,"17":1,"18":6,"19":6,"21":1,"22":3,"23":3,"25":1,"26":14,"27":14,"29":14,"30":6,"31":6,"33":8,"34":14,"35":1},"branchMap":{"0":{"type":"branch","line":13,"loc":{"start":{"line":13,"column":2},"end":{"line":16,"column":3}},"locations":[{"start":{"line":13,"column":2},"end":{"line":16,"column":3}}]},"1":{"type":"branch","line":18,"loc":{"start":{"line":18,"column":9},"end":{"line":20,"column":3}},"locations":[{"start":{"line":18,"column":9},"end":{"line":20,"column":3}}]},"2":{"type":"branch","line":22,"loc":{"start":{"line":22,"column":2},"end":{"line":24,"column":3}},"locations":[{"start":{"line":22,"column":2},"end":{"line":24,"column":3}}]},"3":{"type":"branch","line":26,"loc":{"start":{"line":26,"column":2},"end":{"line":35,"column":3}},"locations":[{"start":{"line":26,"column":2},"end":{"line":35,"column":3}}]},"4":{"type":"branch","line":30,"loc":{"start":{"line":30,"column":18},"end":{"line":32,"column":5}},"locations":[{"start":{"line":30,"column":18},"end":{"line":32,"column":5}}]},"5":{"type":"branch","line":32,"loc":{"start":{"line":32,"column":4},"end":{"line":34,"column":20}},"locations":[{"start":{"line":32,"column":4},"end":{"line":34,"column":20}}]}},"b":{"0":[7],"1":[6],"2":[3],"3":[14],"4":[6],"5":[8]},"fnMap":{"0":{"name":"ErrorBoundary","decl":{"start":{"line":13,"column":2},"end":{"line":16,"column":3}},"loc":{"start":{"line":13,"column":2},"end":{"line":16,"column":3}},"line":13},"1":{"name":"getDerivedStateFromError","decl":{"start":{"line":18,"column":9},"end":{"line":20,"column":3}},"loc":{"start":{"line":18,"column":9},"end":{"line":20,"column":3}},"line":18},"2":{"name":"componentDidCatch","decl":{"start":{"line":22,"column":2},"end":{"line":24,"column":3}},"loc":{"start":{"line":22,"column":2},"end":{"line":24,"column":3}},"line":22},"3":{"name":"render","decl":{"start":{"line":26,"column":2},"end":{"line":35,"column":3}},"loc":{"start":{"line":26,"column":2},"end":{"line":35,"column":3}},"line":26}},"f":{"0":7,"1":6,"2":3,"3":14}}
,"/Users/veronikakashlei/Desktop/review/React/class-components/src/components/Results/Results.tsx": {"path":"/Users/veronikakashlei/Desktop/review/React/class-components/src/components/Results/Results.tsx","all":false,"statementMap":{"0":{"start":{"line":1,"column":0},"end":{"line":1,"column":34}},"2":{"start":{"line":3,"column":0},"end":{"line":3,"column":31}},"3":{"start":{"line":4,"column":0},"end":{"line":4,"column":37}},"10":{"start":{"line":11,"column":0},"end":{"line":11,"column":46}},"11":{"start":{"line":12,"column":0},"end":{"line":12,"column":12}},"12":{"start":{"line":13,"column":0},"end":{"line":13,"column":39}},"13":{"start":{"line":14,"column":0},"end":{"line":14,"column":52}},"15":{"start":{"line":16,"column":0},"end":{"line":16,"column":12}},"16":{"start":{"line":17,"column":0},"end":{"line":17,"column":8}},"18":{"start":{"line":19,"column":0},"end":{"line":19,"column":25}},"19":{"start":{"line":20,"column":0},"end":{"line":20,"column":43}},"20":{"start":{"line":21,"column":0},"end":{"line":21,"column":19}},"21":{"start":{"line":22,"column":0},"end":{"line":22,"column":21}},"22":{"start":{"line":23,"column":0},"end":{"line":23,"column":20}},"23":{"start":{"line":24,"column":0},"end":{"line":24,"column":51}},"24":{"start":{"line":25,"column":0},"end":{"line":25,"column":58}},"25":{"start":{"line":26,"column":0},"end":{"line":26,"column":21}},"26":{"start":{"line":27,"column":0},"end":{"line":27,"column":22}},"27":{"start":{"line":28,"column":0},"end":{"line":28,"column":21}},"28":{"start":{"line":29,"column":0},"end":{"line":29,"column":44}},"29":{"start":{"line":30,"column":0},"end":{"line":30,"column":146}},"30":{"start":{"line":31,"column":0},"end":{"line":31,"column":19}},"31":{"start":{"line":32,"column":0},"end":{"line":32,"column":22}},"32":{"start":{"line":33,"column":0},"end":{"line":33,"column":20}},"33":{"start":{"line":34,"column":0},"end":{"line":34,"column":16}},"35":{"start":{"line":36,"column":0},"end":{"line":36,"column":28}},"37":{"start":{"line":38,"column":0},"end":{"line":38,"column":9}},"39":{"start":{"line":40,"column":0},"end":{"line":40,"column":3}},"40":{"start":{"line":41,"column":0},"end":{"line":41,"column":1}},"42":{"start":{"line":43,"column":0},"end":{"line":43,"column":23}}},"s":{"0":1,"2":1,"3":1,"10":1,"11":1,"12":6,"13":6,"15":5,"16":5,"18":6,"19":3,"20":3,"21":3,"22":3,"23":3,"24":3,"25":3,"26":3,"27":3,"28":3,"29":5,"30":3,"31":3,"32":3,"33":3,"35":2,"37":6,"39":6,"40":1,"42":1},"branchMap":{"0":{"type":"branch","line":12,"loc":{"start":{"line":12,"column":2},"end":{"line":40,"column":3}},"locations":[{"start":{"line":12,"column":2},"end":{"line":40,"column":3}}]},"1":{"type":"branch","line":14,"loc":{"start":{"line":14,"column":9},"end":{"line":14,"column":33}},"locations":[{"start":{"line":14,"column":9},"end":{"line":14,"column":33}}]},"2":{"type":"branch","line":14,"loc":{"start":{"line":14,"column":19},"end":{"line":14,"column":33}},"locations":[{"start":{"line":14,"column":19},"end":{"line":14,"column":33}}]},"3":{"type":"branch","line":14,"loc":{"start":{"line":14,"column":33},"end":{"line":14,"column":52}},"locations":[{"start":{"line":14,"column":33},"end":{"line":14,"column":52}}]},"4":{"type":"branch","line":14,"loc":{"start":{"line":14,"column":49},"end":{"line":19,"column":15}},"locations":[{"start":{"line":14,"column":49},"end":{"line":19,"column":15}}]},"5":{"type":"branch","line":19,"loc":{"start":{"line":19,"column":9},"end":{"line":19,"column":25}},"locations":[{"start":{"line":19,"column":9},"end":{"line":19,"column":25}}]},"6":{"type":"branch","line":19,"loc":{"start":{"line":19,"column":15},"end":{"line":34,"column":16}},"locations":[{"start":{"line":19,"column":15},"end":{"line":34,"column":16}}]},"7":{"type":"branch","line":34,"loc":{"start":{"line":34,"column":10},"end":{"line":36,"column":28}},"locations":[{"start":{"line":34,"column":10},"end":{"line":36,"column":28}}]},"8":{"type":"branch","line":29,"loc":{"start":{"line":29,"column":26},"end":{"line":30,"column":146}},"locations":[{"start":{"line":29,"column":26},"end":{"line":30,"column":146}}]},"9":{"type":"branch","line":30,"loc":{"start":{"line":30,"column":71},"end":{"line":30,"column":144}},"locations":[{"start":{"line":30,"column":71},"end":{"line":30,"column":144}}]}},"b":{"0":[6],"1":[4],"2":[3],"3":[1],"4":[5],"5":[4],"6":[3],"7":[2],"8":[5],"9":[1]},"fnMap":{"0":{"name":"render","decl":{"start":{"line":12,"column":2},"end":{"line":40,"column":3}},"loc":{"start":{"line":12,"column":2},"end":{"line":40,"column":3}},"line":12}},"f":{"0":6}}
,"/Users/veronikakashlei/Desktop/review/React/class-components/src/components/Search/Search.tsx": {"path":"/Users/veronikakashlei/Desktop/review/React/class-components/src/components/Search/Search.tsx","all":false,"statementMap":{"0":{"start":{"line":1,"column":0},"end":{"line":1,"column":52}},"1":{"start":{"line":2,"column":0},"end":{"line":2,"column":47}},"3":{"start":{"line":4,"column":0},"end":{"line":4,"column":50}},"10":{"start":{"line":11,"column":0},"end":{"line":11,"column":52}},"11":{"start":{"line":12,"column":0},"end":{"line":12,"column":11}},"12":{"start":{"line":13,"column":0},"end":{"line":13,"column":49}},"13":{"start":{"line":14,"column":0},"end":{"line":14,"column":13}},"14":{"start":{"line":15,"column":0},"end":{"line":15,"column":4}},"16":{"start":{"line":17,"column":0},"end":{"line":17,"column":61}},"17":{"start":{"line":18,"column":0},"end":{"line":18,"column":46}},"18":{"start":{"line":19,"column":0},"end":{"line":19,"column":4}},"20":{"start":{"line":21,"column":0},"end":{"line":21,"column":23}},"21":{"start":{"line":22,"column":0},"end":{"line":22,"column":51}},"22":{"start":{"line":23,"column":0},"end":{"line":23,"column":50}},"23":{"start":{"line":24,"column":0},"end":{"line":24,"column":55}},"24":{"start":{"line":25,"column":0},"end":{"line":25,"column":57}},"25":{"start":{"line":26,"column":0},"end":{"line":26,"column":4}},"27":{"start":{"line":28,"column":0},"end":{"line":28,"column":37}},"28":{"start":{"line":29,"column":0},"end":{"line":29,"column":36}},"29":{"start":{"line":30,"column":0},"end":{"line":30,"column":21}},"30":{"start":{"line":31,"column":0},"end":{"line":31,"column":15}},"31":{"start":{"line":32,"column":0},"end":{"line":32,"column":11}},"32":{"start":{"line":33,"column":0},"end":{"line":33,"column":30}},"33":{"start":{"line":34,"column":0},"end":{"line":34,"column":21}},"34":{"start":{"line":35,"column":0},"end":{"line":35,"column":62}},"35":{"start":{"line":36,"column":0},"end":{"line":36,"column":50}},"36":{"start":{"line":37,"column":0},"end":{"line":37,"column":11}},"37":{"start":{"line":38,"column":0},"end":{"line":38,"column":10}},"38":{"start":{"line":39,"column":0},"end":{"line":39,"column":9}},"39":{"start":{"line":40,"column":0},"end":{"line":40,"column":6}},"40":{"start":{"line":41,"column":0},"end":{"line":41,"column":4}},"42":{"start":{"line":43,"column":0},"end":{"line":43,"column":23}},"43":{"start":{"line":44,"column":0},"end":{"line":44,"column":57}},"44":{"start":{"line":45,"column":0},"end":{"line":45,"column":3}},"46":{"start":{"line":47,"column":0},"end":{"line":47,"column":12}},"47":{"start":{"line":48,"column":0},"end":{"line":48,"column":12}},"48":{"start":{"line":49,"column":0},"end":{"line":49,"column":8}},"49":{"start":{"line":50,"column":0},"end":{"line":50,"column":30}},"51":{"start":{"line":52,"column":0},"end":{"line":52,"column":14}},"52":{"start":{"line":53,"column":0},"end":{"line":53,"column":51}},"53":{"start":{"line":54,"column":0},"end":{"line":54,"column":16}},"54":{"start":{"line":55,"column":0},"end":{"line":55,"column":48}},"55":{"start":{"line":56,"column":0},"end":{"line":56,"column":37}},"56":{"start":{"line":57,"column":0},"end":{"line":57,"column":45}},"57":{"start":{"line":58,"column":0},"end":{"line":58,"column":12}},"58":{"start":{"line":59,"column":0},"end":{"line":59,"column":60}},"59":{"start":{"line":60,"column":0},"end":{"line":60,"column":14}},"60":{"start":{"line":61,"column":0},"end":{"line":61,"column":9}},"62":{"start":{"line":63,"column":0},"end":{"line":63,"column":3}},"63":{"start":{"line":64,"column":0},"end":{"line":64,"column":1}},"65":{"start":{"line":66,"column":0},"end":{"line":66,"column":22}}},"s":{"0":1,"1":1,"3":1,"10":1,"11":6,"12":6,"13":6,"14":6,"16":6,"17":41,"18":41,"20":6,"21":2,"22":2,"23":2,"24":2,"25":2,"27":6,"28":8,"29":8,"30":8,"31":8,"32":4,"33":4,"34":4,"35":4,"36":4,"37":4,"38":8,"39":8,"40":8,"42":6,"43":6,"44":6,"46":6,"47":49,"48":49,"49":49,"51":49,"52":49,"53":49,"54":49,"55":49,"56":49,"57":49,"58":49,"59":49,"60":49,"62":49,"63":6,"65":1},"branchMap":{"0":{"type":"branch","line":11,"loc":{"start":{"line":11,"column":51},"end":{"line":64,"column":1}},"locations":[{"start":{"line":11,"column":51},"end":{"line":64,"column":1}}]},"1":{"type":"branch","line":13,"loc":{"start":{"line":13,"column":41},"end":{"line":13,"column":49}},"locations":[{"start":{"line":13,"column":41},"end":{"line":13,"column":49}}]},"2":{"type":"branch","line":17,"loc":{"start":{"line":17,"column":22},"end":{"line":19,"column":4}},"locations":[{"start":{"line":17,"column":22},"end":{"line":19,"column":4}}]},"3":{"type":"branch","line":21,"loc":{"start":{"line":21,"column":16},"end":{"line":26,"column":4}},"locations":[{"start":{"line":21,"column":16},"end":{"line":26,"column":4}}]},"4":{"type":"branch","line":28,"loc":{"start":{"line":28,"column":17},"end":{"line":41,"column":4}},"locations":[{"start":{"line":28,"column":17},"end":{"line":41,"column":4}}]},"5":{"type":"branch","line":32,"loc":{"start":{"line":32,"column":6},"end":{"line":38,"column":10}},"locations":[{"start":{"line":32,"column":6},"end":{"line":38,"column":10}}]},"6":{"type":"branch","line":34,"loc":{"start":{"line":34,"column":10},"end":{"line":37,"column":11}},"locations":[{"start":{"line":34,"column":10},"end":{"line":37,"column":11}}]},"7":{"type":"branch","line":43,"loc":{"start":{"line":43,"column":2},"end":{"line":45,"column":3}},"locations":[{"start":{"line":43,"column":2},"end":{"line":45,"column":3}}]},"8":{"type":"branch","line":47,"loc":{"start":{"line":47,"column":2},"end":{"line":63,"column":3}},"locations":[{"start":{"line":47,"column":2},"end":{"line":63,"column":3}}]}},"b":{"0":[6],"1":[2],"2":[41],"3":[2],"4":[8],"5":[4],"6":[4],"7":[6],"8":[49]},"fnMap":{"0":{"name":"<instance_members_initializer>","decl":{"start":{"line":11,"column":51},"end":{"line":64,"column":1}},"loc":{"start":{"line":11,"column":51},"end":{"line":64,"column":1}},"line":11},"1":{"name":"handleInputChange","decl":{"start":{"line":17,"column":22},"end":{"line":19,"column":4}},"loc":{"start":{"line":17,"column":22},"end":{"line":19,"column":4}},"line":17},"2":{"name":"handleClick","decl":{"start":{"line":21,"column":16},"end":{"line":26,"column":4}},"loc":{"start":{"line":21,"column":16},"end":{"line":26,"column":4}},"line":21},"3":{"name":"handleSearch","decl":{"start":{"line":28,"column":17},"end":{"line":41,"column":4}},"loc":{"start":{"line":28,"column":17},"end":{"line":41,"column":4}},"line":28},"4":{"name":"componentDidMount","decl":{"start":{"line":43,"column":2},"end":{"line":45,"column":3}},"loc":{"start":{"line":43,"column":2},"end":{"line":45,"column":3}},"line":43},"5":{"name":"render","decl":{"start":{"line":47,"column":2},"end":{"line":63,"column":3}},"loc":{"start":{"line":47,"column":2},"end":{"line":63,"column":3}},"line":47}},"f":{"0":6,"1":41,"2":2,"3":8,"4":6,"5":49}}
}
